MPASM  5.51                   UYGULAMA-66.ASM   12-1-2018  18:05:33         PAGE  1


LOC  OBJECT CODE     LINE SOURCE TEXT
  VALUE

                      00001         LIST P=16F877A
                      00002         #INCLUDE <P16F877A.INC>
                      00001         LIST
                      00002 
                      00003 ;==========================================================================
                      00004 ;  MPASM PIC16F877A processor include
                      00005 ; 
                      00006 ;  (c) Copyright 1999-2013 Microchip Technology, All rights reserved
                      00007 ;==========================================================================
                      00008 
                      00566         LIST
Warning[207]: Found label after column 1. (SAYICI1)
  00000020            00003         SAYICI1 EQU 0X20
Warning[207]: Found label after column 1. (SAYICI2)
  00000021            00004         SAYICI2 EQU 0X21
Warning[207]: Found label after column 1. (DEG_LCD)
  00000022            00005         DEG_LCD EQU 0X22
Warning[207]: Found label after column 1. (SAYICI)
  00000023            00006         SAYICI EQU 0X23
                      00007 
0000                  00008         ORG 0X00
0000   2801           00009         GOTO ANA_METOT
                      00010 
0001                  00011 ANA_METOT
0001   1683 1303      00012         BANKSEL TRISB
Message[302]: Register in operand not in bank 0.  Ensure that bank bits are correct.
0003   0186           00013         CLRF TRISB
0004   1283 1303      00014         BANKSEL PORTB
0006   0186           00015         CLRF PORTB
                      00016         
0007   01A3           00017         CLRF SAYICI
0008   2044           00018         CALL LCD_AYARLAR
                      00019         
0009                  00020 KONTROL
0009   1B06           00021         BTFSC PORTB,6
000A   200F           00022         CALL YAZ
000B   1B86           00023         BTFSC PORTB,7
000C   2017           00024         CALL SIL
000D   2809           00025         GOTO KONTROL
                      00026 
000E                  00027 DONGU
000E   280E           00028         GOTO DONGU
                      00029 
000F                  00030 YAZ
000F   3006           00031         MOVLW H'06'
0010   202A           00032         CALL KOMUTYAZ
0011   205B           00033         CALL GECIKME
0012   0823           00034         MOVF SAYICI,W
0013   204D           00035         CALL TABLO1
0014   2037           00036         CALL VERIYAZ
0015   0AA3           00037         INCF SAYICI,F
0016   0008           00038         RETURN
                      00039 
MPASM  5.51                   UYGULAMA-66.ASM   12-1-2018  18:05:33         PAGE  2


LOC  OBJECT CODE     LINE SOURCE TEXT
  VALUE

0017                  00040 SIL
0017   3004           00041         MOVLW H'04'
0018   202A           00042         CALL KOMUTYAZ
0019   205B           00043         CALL GECIKME
001A   3005           00044         MOVLW D'5'
001B   0223           00045         SUBWF SAYICI,W
001C   1903           00046         BTFSC STATUS,Z
001D   2822           00047         GOTO ONSATIR
001E   2059           00048         CALL TABLO2
001F   2037           00049         CALL VERIYAZ
0020   03A3           00050         DECF SAYICI,F
0021   0008           00051         RETURN
                      00052 
0022                  00053 ONSATIR
0022   3085           00054         MOVLW H'85'
0023   202A           00055         CALL KOMUTYAZ
0024   03A3           00056         DECF SAYICI,F
0025   0008           00057         RETURN
                      00058 
0026                  00059 SATIR2
0026   0AA3           00060         INCF SAYICI,F
0027   30C0           00061         MOVLW H'C0'
0028   202A           00062         CALL KOMUTYAZ
0029   0008           00063         RETURN
                      00064 
002A                  00065 KOMUTYAZ
002A   00A2           00066         MOVWF DEG_LCD
002B   0E22           00067         SWAPF DEG_LCD,W
002C   2030           00068         CALL KOMUTGONDER
002D   0822           00069         MOVF DEG_LCD,W
002E   2030           00070         CALL KOMUTGONDER
002F   0008           00071         RETURN
                      00072 
0030                  00073 KOMUTGONDER
0030   390F           00074         ANDLW 0X0F
0031   0086           00075         MOVWF PORTB
0032   1206           00076         BCF PORTB,4
0033   1686           00077         BSF PORTB,5
0034   205B           00078         CALL GECIKME
0035   1286           00079         BCF PORTB,5
0036   0008           00080         RETURN
                      00081 
0037                  00082 VERIYAZ
0037   00A2           00083         MOVWF DEG_LCD   
0038   0E22           00084         SWAPF DEG_LCD,W
0039   203D           00085         CALL VERIGONDER
003A   0822           00086         MOVF DEG_LCD,W
003B   203D           00087         CALL VERIGONDER
003C   0008           00088         RETURN
                      00089 
003D                  00090 VERIGONDER
003D   390F           00091         ANDLW 0X0F
003E   0086           00092         MOVWF PORTB
MPASM  5.51                   UYGULAMA-66.ASM   12-1-2018  18:05:33         PAGE  3


LOC  OBJECT CODE     LINE SOURCE TEXT
  VALUE

003F   1606           00093         BSF PORTB,4
0040   1686           00094         BSF PORTB,5
0041   205B           00095         CALL GECIKME
0042   1286           00096         BCF PORTB,5
0043   0008           00097         RETURN
                      00098 
0044                  00099 LCD_AYARLAR
0044   3002           00100         MOVLW H'02'
0045   202A           00101         CALL KOMUTYAZ
                      00102         
0046   300E           00103         MOVLW H'0E'
0047   202A           00104         CALL KOMUTYAZ
                      00105         
0048   3001           00106         MOVLW H'01'
0049   202A           00107         CALL KOMUTYAZ
                      00108 
004A   3028           00109         MOVLW H'28'
004B   202A           00110         CALL KOMUTYAZ
                      00111 
004C   0008           00112         RETURN
                      00113         
004D                  00114 TABLO1
004D   0782           00115         ADDWF PCL,F
004E   344E           00116         RETLW 'N'
004F   3449           00117         RETLW 'I'
0050   344C           00118         RETLW 'L'
0051   3441           00119         RETLW 'A'
0052   3459           00120         RETLW 'Y'
                      00121         
0053   2026           00122         CALL SATIR2
                      00123         
0054   344E           00124         RETLW 'N'
0055   3449           00125         RETLW 'I'
0056   344C           00126         RETLW 'L'
0057   3441           00127         RETLW 'A'
0058   3459           00128         RETLW 'Y'
                      00129         
0059                  00130 TABLO2
0059   3420           00131         RETLW ' '
005A   3400           00132         RETLW 0X00
                      00133 
005B                  00134 GECIKME 
005B   30FA           00135         MOVLW D'250'
005C   00A0           00136         MOVWF SAYICI1
                      00137 
005D                  00138 TEKRAR1
005D   3064           00139         MOVLW D'100'
005E   00A1           00140         MOVWF SAYICI2
                      00141 
005F                  00142 TEKRAR2
005F   0BA1           00143         DECFSZ SAYICI2,F
0060   285F           00144         GOTO TEKRAR2
0061   0BA0           00145         DECFSZ SAYICI1,F
MPASM  5.51                   UYGULAMA-66.ASM   12-1-2018  18:05:33         PAGE  4


LOC  OBJECT CODE     LINE SOURCE TEXT
  VALUE

0062   285D           00146         GOTO TEKRAR1
0063   0008           00147         RETURN
                      00148 
Warning[205]: Found directive in column 1. (END)
                      00149 END
MPASM  5.51                   UYGULAMA-66.ASM   12-1-2018  18:05:33         PAGE  5


SYMBOL TABLE
  LABEL                             VALUE 

ACKDT                             00000005
ACKEN                             00000004
ACKSTAT                           00000006
ADCON0                            0000001F
ADCON1                            0000009F
ADCS0                             00000006
ADCS1                             00000007
ADCS2                             00000006
ADDEN                             00000003
ADFM                              00000007
ADIE                              00000006
ADIF                              00000006
ADON                              00000000
ADRESH                            0000001E
ADRESL                            0000009E
ANA_METOT                         00000001
BCLIE                             00000003
BCLIF                             00000003
BF                                00000000
BRGH                              00000002
C                                 00000000
C1INV                             00000004
C1OUT                             00000006
C2INV                             00000005
C2OUT                             00000007
CCP1CON                           00000017
CCP1IE                            00000002
CCP1IF                            00000002
CCP1M0                            00000000
CCP1M1                            00000001
CCP1M2                            00000002
CCP1M3                            00000003
CCP1X                             00000005
CCP1Y                             00000004
CCP2CON                           0000001D
CCP2IE                            00000000
CCP2IF                            00000000
CCP2M0                            00000000
CCP2M1                            00000001
CCP2M2                            00000002
CCP2M3                            00000003
CCP2X                             00000005
CCP2Y                             00000004
CCPR1                             00000015
CCPR1H                            00000016
CCPR1L                            00000015
CCPR2                             0000001B
CCPR2H                            0000001C
CCPR2L                            0000001B
CHS0                              00000003
CHS1                              00000004
CHS2                              00000005
CIS                               00000003
MPASM  5.51                   UYGULAMA-66.ASM   12-1-2018  18:05:33         PAGE  6


SYMBOL TABLE
  LABEL                             VALUE 

CKE                               00000006
CKP                               00000004
CM0                               00000000
CM1                               00000001
CM2                               00000002
CMCON                             0000009C
CMIE                              00000006
CMIF                              00000006
CREN                              00000004
CSRC                              00000007
CVR0                              00000000
CVR1                              00000001
CVR2                              00000002
CVR3                              00000003
CVRCON                            0000009D
CVREN                             00000007
CVROE                             00000006
CVRR                              00000005
D                                 00000005
DATA_ADDRESS                      00000005
DC                                00000001
DEG_LCD                           00000022
DONGU                             0000000E
D_A                               00000005
D_NOT_A                           00000005
EEADR                             0000010D
EEADRH                            0000010F
EECON1                            0000018C
EECON2                            0000018D
EEDATA                            0000010C
EEDATH                            0000010E
EEIE                              00000004
EEIF                              00000004
EEPGD                             00000007
F                                 00000001
FERR                              00000002
FSR                               00000004
GCEN                              00000007
GECIKME                           0000005B
GIE                               00000007
GO                                00000002
GO_DONE                           00000002
GO_NOT_DONE                       00000002
I2C_DATA                          00000005
I2C_READ                          00000002
I2C_START                         00000003
I2C_STOP                          00000004
IBF                               00000007
IBOV                              00000005
INDF                              00000000
INTCON                            0000000B
INTE                              00000004
INTEDG                            00000006
MPASM  5.51                   UYGULAMA-66.ASM   12-1-2018  18:05:33         PAGE  7


SYMBOL TABLE
  LABEL                             VALUE 

INTF                              00000001
IRP                               00000007
KOMUTGONDER                       00000030
KOMUTYAZ                          0000002A
KONTROL                           00000009
LCD_AYARLAR                       00000044
NOT_A                             00000005
NOT_ADDRESS                       00000005
NOT_BO                            00000000
NOT_BOR                           00000000
NOT_DONE                          00000002
NOT_PD                            00000003
NOT_POR                           00000001
NOT_RBPU                          00000007
NOT_RC8                           00000006
NOT_T1SYNC                        00000002
NOT_TO                            00000004
NOT_TX8                           00000006
NOT_W                             00000002
NOT_WRITE                         00000002
OBF                               00000006
OERR                              00000001
ONSATIR                           00000022
OPTION_REG                        00000081
P                                 00000004
PCFG0                             00000000
PCFG1                             00000001
PCFG2                             00000002
PCFG3                             00000003
PCL                               00000002
PCLATH                            0000000A
PCON                              0000008E
PEIE                              00000006
PEN                               00000002
PIE1                              0000008C
PIE2                              0000008D
PIR1                              0000000C
PIR2                              0000000D
PORTA                             00000005
PORTB                             00000006
PORTC                             00000007
PORTD                             00000008
PORTE                             00000009
PR2                               00000092
PS0                               00000000
PS1                               00000001
PS2                               00000002
PSA                               00000003
PSPIE                             00000007
PSPIF                             00000007
PSPMODE                           00000004
R                                 00000002
RA0                               00000000
MPASM  5.51                   UYGULAMA-66.ASM   12-1-2018  18:05:33         PAGE  8


SYMBOL TABLE
  LABEL                             VALUE 

RA1                               00000001
RA2                               00000002
RA3                               00000003
RA4                               00000004
RA5                               00000005
RB0                               00000000
RB1                               00000001
RB2                               00000002
RB3                               00000003
RB4                               00000004
RB5                               00000005
RB6                               00000006
RB7                               00000007
RBIE                              00000003
RBIF                              00000000
RC0                               00000000
RC1                               00000001
RC2                               00000002
RC3                               00000003
RC4                               00000004
RC5                               00000005
RC6                               00000006
RC7                               00000007
RC8_9                             00000006
RC9                               00000006
RCD8                              00000000
RCEN                              00000003
RCIE                              00000005
RCIF                              00000005
RCREG                             0000001A
RCSTA                             00000018
RD                                00000000
RD0                               00000000
RD1                               00000001
RD2                               00000002
RD3                               00000003
RD4                               00000004
RD5                               00000005
RD6                               00000006
RD7                               00000007
RE0                               00000000
RE1                               00000001
RE2                               00000002
READ_WRITE                        00000002
RP0                               00000005
RP1                               00000006
RSEN                              00000001
RX9                               00000006
RX9D                              00000000
R_NOT_W                           00000002
R_W                               00000002
S                                 00000003
SATIR2                            00000026
MPASM  5.51                   UYGULAMA-66.ASM   12-1-2018  18:05:33         PAGE  9


SYMBOL TABLE
  LABEL                             VALUE 

SAYICI                            00000023
SAYICI1                           00000020
SAYICI2                           00000021
SEN                               00000000
SIL                               00000017
SMP                               00000007
SPBRG                             00000099
SPEN                              00000007
SREN                              00000005
SSPADD                            00000093
SSPBUF                            00000013
SSPCON                            00000014
SSPCON2                           00000091
SSPEN                             00000005
SSPIE                             00000003
SSPIF                             00000003
SSPM0                             00000000
SSPM1                             00000001
SSPM2                             00000002
SSPM3                             00000003
SSPOV                             00000006
SSPSTAT                           00000094
STATUS                            00000003
SYNC                              00000004
T0CS                              00000005
T0IE                              00000005
T0IF                              00000002
T0SE                              00000004
T1CKPS0                           00000004
T1CKPS1                           00000005
T1CON                             00000010
T1INSYNC                          00000002
T1OSCEN                           00000003
T1SYNC                            00000002
T2CKPS0                           00000000
T2CKPS1                           00000001
T2CON                             00000012
TABLO1                            0000004D
TABLO2                            00000059
TEKRAR1                           0000005D
TEKRAR2                           0000005F
TMR0                              00000001
TMR0IE                            00000005
TMR0IF                            00000002
TMR1                              0000000E
TMR1CS                            00000001
TMR1H                             0000000F
TMR1IE                            00000000
TMR1IF                            00000000
TMR1L                             0000000E
TMR1ON                            00000000
TMR2                              00000011
TMR2IE                            00000001
MPASM  5.51                   UYGULAMA-66.ASM   12-1-2018  18:05:33         PAGE 10


SYMBOL TABLE
  LABEL                             VALUE 

TMR2IF                            00000001
TMR2ON                            00000002
TOUTPS0                           00000003
TOUTPS1                           00000004
TOUTPS2                           00000005
TOUTPS3                           00000006
TRISA                             00000085
TRISA0                            00000000
TRISA1                            00000001
TRISA2                            00000002
TRISA3                            00000003
TRISA4                            00000004
TRISA5                            00000005
TRISB                             00000086
TRISB0                            00000000
TRISB1                            00000001
TRISB2                            00000002
TRISB3                            00000003
TRISB4                            00000004
TRISB5                            00000005
TRISB6                            00000006
TRISB7                            00000007
TRISC                             00000087
TRISC0                            00000000
TRISC1                            00000001
TRISC2                            00000002
TRISC3                            00000003
TRISC4                            00000004
TRISC5                            00000005
TRISC6                            00000006
TRISC7                            00000007
TRISD                             00000088
TRISD0                            00000000
TRISD1                            00000001
TRISD2                            00000002
TRISD3                            00000003
TRISD4                            00000004
TRISD5                            00000005
TRISD6                            00000006
TRISD7                            00000007
TRISE                             00000089
TRISE0                            00000000
TRISE1                            00000001
TRISE2                            00000002
TRMT                              00000001
TX8_9                             00000006
TX9                               00000006
TX9D                              00000000
TXD8                              00000000
TXEN                              00000005
TXIE                              00000004
TXIF                              00000004
TXREG                             00000019
MPASM  5.51                   UYGULAMA-66.ASM   12-1-2018  18:05:33         PAGE 11


SYMBOL TABLE
  LABEL                             VALUE 

TXSTA                             00000098
UA                                00000001
VERIGONDER                        0000003D
VERIYAZ                           00000037
W                                 00000000
WCOL                              00000007
WR                                00000001
WREN                              00000002
WRERR                             00000003
YAZ                               0000000F
Z                                 00000002
_BODEN_OFF                        00003FBF
_BODEN_ON                         00003FFF
_BOREN_OFF                        00003FBF
_BOREN_ON                         00003FFF
_CONFIG                           00002007
_CPD_OFF                          00003FFF
_CPD_ON                           00003EFF
_CP_ALL                           00001FFF
_CP_OFF                           00003FFF
_CP_ON                            00001FFF
_DEBUG_OFF                        00003FFF
_DEBUG_ON                         000037FF
_DEVID1                           00002006
_FOSC_EXTRC                       00003FFF
_FOSC_HS                          00003FFE
_FOSC_LP                          00003FFC
_FOSC_XT                          00003FFD
_HS_OSC                           00003FFE
_IDLOC0                           00002000
_IDLOC1                           00002001
_IDLOC2                           00002002
_IDLOC3                           00002003
_LP_OSC                           00003FFC
_LVP_OFF                          00003F7F
_LVP_ON                           00003FFF
_PWRTE_OFF                        00003FFF
_PWRTE_ON                         00003FF7
_RC_OSC                           00003FFF
_WDTE_OFF                         00003FFB
_WDTE_ON                          00003FFF
_WDT_OFF                          00003FFB
_WDT_ON                           00003FFF
_WRT_1FOURTH                      00003BFF
_WRT_256                          00003DFF
_WRT_HALF                         000039FF
_WRT_OFF                          00003FFF
_XT_OSC                           00003FFD
__16F877A                         00000001
__DEBUG                           1
MPASM  5.51                   UYGULAMA-66.ASM   12-1-2018  18:05:33         PAGE 12


MEMORY USAGE MAP ('X' = Used,  '-' = Unused)


0000 : XXXXXXXXXXXXXXXX XXXXXXXXXXXXXXXX XXXXXXXXXXXXXXXX XXXXXXXXXXXXXXXX
0040 : XXXXXXXXXXXXXXXX XXXXXXXXXXXXXXXX XXXX------------ ----------------

All other memory blocks unused.

Program Memory Words Used:   100
Program Memory Words Free:  8092


Errors   :     0
Warnings :     5 reported,     0 suppressed
Messages :     1 reported,     0 suppressed

